<?xml version="1.0" encoding="UTF-8" ?>
<testsuite tests="5" failures="0" name="com.number.services.FibonacciServiceTest" time="0.01" errors="0" skipped="0">
  <properties>
[...]
</properties>
  <testcase classname="com.number.services.FibonacciServiceTest" name="com.number.services.FibonacciServiceTest.testIfZeroWasReturnedForZeroInputNumber" time="0.007"/>
  <testcase classname="com.number.services.FibonacciServiceTest" name="com.number.services.FibonacciServiceTest.testIfIllegalArgumentExceptionWasThrownForNegativeInputNumber" time="0.002"/>
  <testcase classname="com.number.services.FibonacciServiceTest" name="com.number.services.FibonacciServiceTest.testValueForSmallInputNumber" time="0"/>
  <testcase classname="com.number.services.FibonacciServiceTest" name="com.number.services.FibonacciServiceTest.testValueForBigInputNumber" time="0.001"/>
  <testcase classname="com.number.services.FibonacciServiceTest" name="com.number.services.FibonacciServiceTest.testValueForMediumInputNumber" time="0"/>
</testsuite>